mode: set
github.com/mdokusV/FormalLanguage/main.go:5.13,12.2 4 0
github.com/mdokusV/FormalLanguage/main.go:14.37,15.23 1 1
github.com/mdokusV/FormalLanguage/main.go:15.23,17.3 1 1
github.com/mdokusV/FormalLanguage/main.go:18.2,20.19 2 1
github.com/mdokusV/FormalLanguage/main.go:20.19,23.3 2 1
github.com/mdokusV/FormalLanguage/main.go:24.2,24.24 1 1
github.com/mdokusV/FormalLanguage/main.go:27.30,29.24 2 1
github.com/mdokusV/FormalLanguage/main.go:29.24,31.3 1 1
github.com/mdokusV/FormalLanguage/main.go:32.2,34.32 2 1
github.com/mdokusV/FormalLanguage/main.go:34.32,37.3 2 1
github.com/mdokusV/FormalLanguage/main.go:38.2,38.15 1 1
github.com/mdokusV/FormalLanguage/main.go:41.31,43.2 1 1
github.com/mdokusV/FormalLanguage/main.go:45.30,46.22 1 1
github.com/mdokusV/FormalLanguage/main.go:46.22,48.3 1 1
github.com/mdokusV/FormalLanguage/main.go:49.2,49.30 1 1
github.com/mdokusV/FormalLanguage/main.go:49.30,50.19 1 0
github.com/mdokusV/FormalLanguage/main.go:50.19,52.4 1 0
github.com/mdokusV/FormalLanguage/main.go:54.2,54.13 1 1
github.com/mdokusV/FormalLanguage/main.go:57.46,60.2 2 0
github.com/mdokusV/FormalLanguage/main.go:62.30,63.24 1 0
github.com/mdokusV/FormalLanguage/main.go:63.24,65.3 1 0
github.com/mdokusV/FormalLanguage/main.go:66.2,67.36 2 0
github.com/mdokusV/FormalLanguage/main.go:67.36,70.3 1 0
github.com/mdokusV/FormalLanguage/main.go:71.2,71.12 1 0
github.com/mdokusV/FormalLanguage/main.go:74.37,75.21 1 0
github.com/mdokusV/FormalLanguage/main.go:75.21,77.3 1 0
github.com/mdokusV/FormalLanguage/main.go:78.2,78.21 1 0
github.com/mdokusV/FormalLanguage/main.go:78.21,80.3 1 0
github.com/mdokusV/FormalLanguage/main.go:81.2,82.33 2 0
github.com/mdokusV/FormalLanguage/main.go:82.33,84.3 1 0
github.com/mdokusV/FormalLanguage/main.go:85.2,85.15 1 0
